<?xml version="1.0" encoding="UTF-8"?>
<!-- Generated by org.testng.reporters.JUnitReportReporter -->
<testsuite hostname="DESKTOP-4OT0G8A" failures="0" tests="8" name="com.theGameAPI.test.RegressionTest" time="21.473" errors="0" timestamp="20 May 2022 05:23:23 GMT" skipped="0">
  <testcase classname="com.theGameAPI.test.RegressionTest" name="registerUser" time="2.945"/>
  <testcase classname="com.theGameAPI.test.RegressionTest" name="getUsers" time="1.520"/>
  <testcase classname="com.theGameAPI.test.RegressionTest" name="userLoginIncorrectPassword" time="1.750"/>
  <testcase classname="com.theGameAPI.test.RegressionTest" name="userLogin" time="1.708"/>
  <testcase classname="com.theGameAPI.test.RegressionTest" name="updateUser" time="1.727"/>
  <testcase classname="com.theGameAPI.test.RegressionTest" name="addUser" time="1.751"/>
  <testcase classname="com.theGameAPI.test.RegressionTest" name="getUserByName" time="7.707"/>
  <testcase classname="com.theGameAPI.test.RegressionTest" name="reRegisterUser" time="2.365"/>
</testsuite> <!-- com.theGameAPI.test.RegressionTest -->
